<?xml version="1.0" encoding="UTF-8"?>
<testng-results ignored="0" total="0" passed="0" failed="0" skipped="0">
  <reporter-output>
  </reporter-output>
  <suite started-at="2024-11-06T10:24:15 IST" name="Default suite" finished-at="2024-11-06T10:24:16 IST" duration-ms="594">
    <groups>
      <group name="cucumber">
        <method signature="AbstractTestNGCucumberTests.runScenario(io.cucumber.testng.PickleWrapper,io.cucumber.testng.FeatureWrapper)[pri:0, instance:TestRunner.TestRunnerParallelScenario$CucumberTest@1dac5ef]" name="runScenario" class="io.cucumber.testng.AbstractTestNGCucumberTests"/>
      </group> <!-- cucumber -->
    </groups>
    <test started-at="2024-11-06T10:24:15 IST" name="Default test" finished-at="2024-11-06T10:24:16 IST" duration-ms="594">
      <class name="TestRunner.TestRunnerParallelScenario$CucumberTest">
        <test-method is-config="true" signature="setUpClass(org.testng.ITestContext)[pri:0, instance:TestRunner.TestRunnerParallelScenario$CucumberTest@1dac5ef]" started-at="2024-11-06T10:24:15 IST" name="setUpClass" finished-at="2024-11-06T10:24:16 IST" duration-ms="497" status="PASS">
          <params>
            <param index="0">
              <value>
                <![CDATA[org.testng.TestRunner@6f80fafe]]>
              </value>
            </param>
          </params>
          <reporter-output>
          </reporter-output>
        </test-method> <!-- setUpClass -->
        <test-method is-config="true" signature="tearDownClass()[pri:0, instance:TestRunner.TestRunnerParallelScenario$CucumberTest@1dac5ef]" started-at="2024-11-06T10:24:16 IST" name="tearDownClass" finished-at="2024-11-06T10:24:16 IST" duration-ms="51" status="PASS">
          <reporter-output>
          </reporter-output>
        </test-method> <!-- tearDownClass -->
      </class> <!-- TestRunner.TestRunnerParallelScenario$CucumberTest -->
    </test> <!-- Default test -->
  </suite> <!-- Default suite -->
</testng-results>
